0 verbose cli C:\Program Files\nodejs\node.exe C:\Users\prafu\AppData\Roaming\npm\node_modules\npm\bin\npm-cli.js
1 info using npm@11.12.1
2 info using node@v22.23.1
3 silly config load:file:C:\Users\prafu\AppData\Roaming\npm\node_modules\npm\npmrc
4 silly config load:file:D:\Kodex\debug-battle-06\frontend\.npmrc
5 silly config load:file:C:\Users\prafu\.npmrc
6 silly config load:file:C:\Users\prafu\AppData\Roaming\npm\etc\npmrc
7 verbose title npm install
8 verbose argv "install" "--cache" ".npm-cache" "--no-audit" "--no-fund"
9 verbose logfile logs-max:10 dir:D:\Kodex\debug-battle-06\frontend\.npm-cache\_logs\2026-07-18T15_04_10_989Z-
10 verbose logfile D:\Kodex\debug-battle-06\frontend\.npm-cache\_logs\2026-07-18T15_04_10_989Z-debug-0.log
11 silly logfile done cleaning log files
12 silly packumentCache heap:4345298944 maxSize:1086324736 maxEntrySize:543162368
13 silly idealTree buildDeps
14 silly reify moves {}
15 verbose cwd D:\Kodex\debug-battle-06\frontend
16 verbose os Windows_NT 10.0.26200
17 verbose node v22.23.1
18 verbose npm  v11.12.1
19 verbose exit 0
20 info ok
